[    0.000000] Linux version 4.15.0-212-generic (buildd@lcy02-amd64-083) (gcc version 7.5.0 (Ubuntu 7.5.0-3ubuntu1~18.04)) #223-Ubuntu SMP Tue May 23 13:09:22 UTC 2023 (Ubuntu 4.15.0-212.223-generic 4.15.18)
[    0.000000] Command line: BOOT_IMAGE=/boot/vmlinuz-4.15.0-212-generic root=LABEL=cloudimg-rootfs ro console=tty1 console=ttyS0
[    0.000000] KERNEL supported cpus:
[    0.000000]   Intel GenuineIntel
[    0.000000]   AMD AuthenticAMD
[    0.000000]   Centaur CentaurHauls
[    0.000000] x86/fpu: x87 FPU will use FXSAVE
[    0.000000] e820: BIOS-provided physical RAM map:
[    0.000000] BIOS-e820: [mem 0x0000000000000000-0x000000000009fbff] usable
[    0.000000] BIOS-e820: [mem 0x000000000009fc00-0x000000000009ffff] reserved
[    0.000000] BIOS-e820: [mem 0x00000000000f0000-0x00000000000fffff] reserved
[    0.000000] BIOS-e820: [mem 0x0000000000100000-0x000000003ffeffff] usable
[    0.000000] BIOS-e820: [mem 0x000000003fff0000-0x000000003fffffff] ACPI data
[    0.000000] BIOS-e820: [mem 0x00000000fec00000-0x00000000fec00fff] reserved
[    0.000000] BIOS-e820: [mem 0x00000000fee00000-0x00000000fee00fff] reserved
[    0.000000] BIOS-e820: [mem 0x00000000fffc0000-0x00000000ffffffff] reserved
[    0.000000] NX (Execute Disable) protection: active
[    0.000000] SMBIOS 2.5 present.
[    0.000000] DMI: innotek GmbH VirtualBox/VirtualBox, BIOS VirtualBox 12/01/2006
[    0.000000] Hypervisor detected: KVM
[    0.000000] e820: last_pfn = 0x3fff0 max_arch_pfn = 0x400000000
[    0.000000] MTRR: Disabled
[    0.000000] x86/PAT: MTRRs disabled, skipping PAT initialization too.
[    0.000000] CPU MTRRs all blank - virtualized system.
[    0.000000] x86/PAT: Configuration [0-7]: WB  WT  UC- UC  WB  WT  UC- UC  
[    0.000000] found SMP MP-table at [mem 0x0009fff0-0x0009ffff]
[    0.000000] Scanning 1 areas for low memory corruption
[    0.000000] RAMDISK: [mem 0x359cb000-0x36cdcfff]
[    0.000000] ACPI: Early table checksum verification disabled
[    0.000000] ACPI: RSDP 0x00000000000E0000 000024 (v02 VBOX  )
[    0.000000] ACPI: XSDT 0x000000003FFF0030 00003C (v01 VBOX   VBOXXSDT 00000001 ASL  00000061)
[    0.000000] ACPI: FACP 0x000000003FFF00F0 0000F4 (v04 VBOX   VBOXFACP 00000001 ASL  00000061)
[    0.000000] ACPI: DSDT 0x000000003FFF0610 002353 (v02 VBOX   VBOXBIOS 00000002 INTL 20100528)
[    0.000000] ACPI: FACS 0x000000003FFF0200 000040
[    0.000000] ACPI: FACS 0x000000003FFF0200 000040
[    0.000000] ACPI: APIC 0x000000003FFF0240 00005C (v02 VBOX   VBOXAPIC 00000001 ASL  00000061)
[    0.000000] ACPI: SSDT 0x000000003FFF02A0 00036C (v01 VBOX   VBOXCPUT 00000002 INTL 20100528)
[    0.000000] ACPI: Reserving FACP table memory at [mem 0x3fff00f0-0x3fff01e3]
[    0.000000] ACPI: Reserving DSDT table memory at [mem 0x3fff0610-0x3fff2962]
[    0.000000] ACPI: Reserving FACS table memory at [mem 0x3fff0200-0x3fff023f]
[    0.000000] ACPI: Reserving FACS table memory at [mem 0x3fff0200-0x3fff023f]
[    0.000000] ACPI: Reserving APIC table memory at [mem 0x3fff0240-0x3fff029b]
[    0.000000] ACPI: Reserving SSDT table memory at [mem 0x3fff02a0-0x3fff060b]
[    0.000000] No NUMA configuration found
[    0.000000] Faking a node at [mem 0x0000000000000000-0x000000003ffeffff]
[    0.000000] NODE_DATA(0) allocated [mem 0x3ffc5000-0x3ffeffff]
[    0.000000] kvm-clock: cpu 0, msr 0:3ff44001, primary cpu clock
[    0.000000] kvm-clock: Using msrs 4b564d01 and 4b564d00
[    0.000000] kvm-clock: using sched offset of 4677807408 cycles
[    0.000000] clocksource: kvm-clock: mask: 0xffffffffffffffff max_cycles: 0x1cd42e4dffb, max_idle_ns: 881590591483 ns
[    0.000000] Zone ranges:
[    0.000000]   DMA      [mem 0x0000000000001000-0x0000000000ffffff]
[    0.000000]   DMA32    [mem 0x0000000001000000-0x000000003ffeffff]
[    0.000000]   Normal   empty
[    0.000000]   Device   empty
[    0.000000] Movable zone start for each node
[    0.000000] Early memory node ranges
[    0.000000]   node   0: [mem 0x0000000000001000-0x000000000009efff]
[    0.000000]   node   0: [mem 0x0000000000100000-0x000000003ffeffff]
[    0.000000] Reserved but unavailable: 104 pages
[    0.000000] Initmem setup node 0 [mem 0x0000000000001000-0x000000003ffeffff]
[    0.000000] ACPI: PM-Timer IO Port: 0x4008
[    0.000000] IOAPIC[0]: apic_id 2, version 32, address 0xfec00000, GSI 0-23
[    0.000000] ACPI: INT_SRC_OVR (bus 0 bus_irq 0 global_irq 2 dfl dfl)
[    0.000000] ACPI: INT_SRC_OVR (bus 0 bus_irq 9 global_irq 9 low level)
[    0.000000] Using ACPI (MADT) for SMP configuration information
[    0.000000] smpboot: Allowing 2 CPUs, 0 hotplug CPUs
[    0.000000] PM: Registered nosave memory: [mem 0x00000000-0x00000fff]
[    0.000000] PM: Registered nosave memory: [mem 0x0009f000-0x0009ffff]
[    0.000000] PM: Registered nosave memory: [mem 0x000a0000-0x000effff]
[    0.000000] PM: Registered nosave memory: [mem 0x000f0000-0x000fffff]
[    0.000000] e820: [mem 0x40000000-0xfebfffff] available for PCI devices
[    0.000000] Booting paravirtualized kernel on KVM
[    0.000000] clocksource: refined-jiffies: mask: 0xffffffff max_cycles: 0xffffffff, max_idle_ns: 7645519600211568 ns
[    0.000000] setup_percpu: NR_CPUS:8192 nr_cpumask_bits:2 nr_cpu_ids:2 nr_node_ids:1
[    0.000000] percpu: Embedded 50 pages/cpu s167936 r8192 d28672 u1048576
[    0.000000] PV qspinlock hash table entries: 256 (order: 0, 4096 bytes)
[    0.000000] Built 1 zonelists, mobility grouping on.  Total pages: 257913
[    0.000000] Policy zone: DMA32
[    0.000000] Kernel command line: BOOT_IMAGE=/boot/vmlinuz-4.15.0-212-generic root=LABEL=cloudimg-rootfs ro console=tty1 console=ttyS0
[    0.000000] Memory: 982644K/1048120K available (12300K kernel code, 2477K rwdata, 4324K rodata, 2480K init, 2720K bss, 65476K reserved, 0K cma-reserved)
[    0.000000] SLUB: HWalign=64, Order=0-3, MinObjects=0, CPUs=2, Nodes=1
[    0.000000] ftrace: allocating 39508 entries in 155 pages
[    0.004000] Hierarchical RCU implementation.
[    0.004000] 	RCU restricting CPUs from NR_CPUS=8192 to nr_cpu_ids=2.
[    0.004000] 	Tasks RCU enabled.
[    0.004000] RCU: Adjusting geometry for rcu_fanout_leaf=16, nr_cpu_ids=2
[    0.004000] NR_IRQS: 524544, nr_irqs: 440, preallocated irqs: 16
[    0.004000] random: crng init done
[    0.004000] Console: colour VGA+ 80x25
[    0.004000] console [tty1] enabled
[    0.004000] console [ttyS0] enabled
[    0.004000] ACPI: Core revision 20170831
[    0.004000] ACPI: 2 ACPI AML tables successfully acquired and loaded
[    0.004000] APIC: Switch to symmetric I/O mode setup
[    0.004000] ..TIMER: vector=0x30 apic1=0 pin1=2 apic2=-1 pin2=-1
[    0.004015] tsc: Detected 2995.456 MHz processor
[    0.008021] Calibrating delay loop (skipped) preset value.. 5990.91 BogoMIPS (lpj=11981824)
[    0.012018] pid_max: default: 32768 minimum: 301
[    0.016273] Security Framework initialized
[    0.020019] Yama: becoming mindful.
[    0.024247] AppArmor: AppArmor initialized
[    0.043343] Dentry cache hash table entries: 131072 (order: 8, 1048576 bytes)
[    0.049032] Inode-cache hash table entries: 65536 (order: 7, 524288 bytes)
[    0.052284] Mount-cache hash table entries: 2048 (order: 2, 16384 bytes)
[    0.056268] Mountpoint-cache hash table entries: 2048 (order: 2, 16384 bytes)
[    0.066040] Last level iTLB entries: 4KB 0, 2MB 0, 4MB 0
[    0.068009] Last level dTLB entries: 4KB 0, 2MB 0, 4MB 0, 1GB 0
[    0.072012] Spectre V1 : Mitigation: usercopy/swapgs barriers and __user pointer sanitization
[    0.076008] Spectre V2 : Mitigation: Enhanced IBRS
[    0.080005] Spectre V2 : Spectre v2 / SpectreRSB mitigation: Filling RSB on context switch
[    0.084014] Spectre V2 : Spectre v2 / PBRSB-eIBRS: Retire a single CALL on VMEXIT
[    0.088025] RETBleed: Mitigation: Enhanced IBRS
[    0.092017] Speculative Store Bypass: Vulnerable
[    0.096567] Freeing SMP alternatives memory: 36K
[    0.228374] APIC calibration not consistent with PM-Timer: 104ms instead of 100ms
[    0.232000] APIC delta adjusted to PM-Timer: 6444417 (6757534)
[    0.232725] smpboot: CPU0: 11th Gen Intel(R) Core(TM) i7-1185G7 @ 3.00GHz (family: 0x6, model: 0x8c, stepping: 0x1)
[    0.236000] Performance Events: unsupported p6 CPU model 140 no PMU driver, software events only.
[    0.236000] Hierarchical SRCU implementation.
[    0.236000] NMI watchdog: Perf event create on CPU 0 failed with -2
[    0.236000] NMI watchdog: Perf NMI watchdog permanently disabled
[    0.237037] smp: Bringing up secondary CPUs ...
[    0.241176] x86: Booting SMP configuration:
[    0.244005] .... node  #0, CPUs:      #1
[    0.004000] kvm-clock: cpu 1, msr 0:3ff44041, secondary cpu clock
[    0.266646] TSC synchronization [CPU#0 -> CPU#1]:
[    0.268000] Measured 100336 cycles TSC warp between CPUs, turning off TSC clock.
[    0.268000] tsc: Marking TSC unstable due to check_tsc_sync_source failed
[    0.272821] smp: Brought up 1 node, 2 CPUs
[    0.276013] smpboot: Max logical packages: 1
[    0.280032] smpboot: Total of 2 processors activated (11981.82 BogoMIPS)
[    0.292446] devtmpfs: initialized
[    0.296180] x86/mm: Memory block size: 128MB
[    0.300540] evm: security.selinux
[    0.304009] evm: security.SMACK64
[    0.308005] evm: security.SMACK64EXEC
[    0.312013] evm: security.SMACK64TRANSMUTE
[    0.316022] evm: security.SMACK64MMAP
[    0.320011] evm: security.apparmor
[    0.324009] evm: security.ima
[    0.328010] evm: security.capability
[    0.340760] clocksource: jiffies: mask: 0xffffffff max_cycles: 0xffffffff, max_idle_ns: 7645041785100000 ns
[    0.348058] futex hash table entries: 512 (order: 3, 32768 bytes)
[    0.356971] pinctrl core: initialized pinctrl subsystem
[    0.361293] RTC time: 20:28:33, date: 09/05/24
[    0.369754] NET: Registered protocol family 16
[    0.372311] audit: initializing netlink subsys (disabled)
[    0.380142] audit: type=2000 audit(1725568118.216:1): state=initialized audit_enabled=0 res=1
[    0.412033] cpuidle: using governor ladder
[    0.416042] cpuidle: using governor menu
[    0.420175] ACPI: bus type PCI registered
[    0.424018] acpiphp: ACPI Hot Plug PCI Controller Driver version: 0.5
[    0.429348] PCI: Using configuration type 1 for base access
[    0.449032] HugeTLB registered 2.00 MiB page size, pre-allocated 0 pages
[    0.460952] ACPI: Added _OSI(Module Device)
[    0.464011] ACPI: Added _OSI(Processor Device)
[    0.468011] ACPI: Added _OSI(3.0 _SCP Extensions)
[    0.472009] ACPI: Added _OSI(Processor Aggregator Device)
[    0.480027] ACPI: Added _OSI(Linux-Dell-Video)
[    0.484017] ACPI: Added _OSI(Linux-Lenovo-NV-HDMI-Audio)
[    0.488011] ACPI: Added _OSI(Linux-HPI-Hybrid-Graphics)
[    0.496108] ACPI: Executed 1 blocks of module-level executable AML code
[    0.515708] ACPI: Interpreter enabled
[    0.516060] ACPI: (supports S0 S5)
[    0.520008] ACPI: Using IOAPIC for interrupt routing
[    0.525064] PCI: Using host bridge windows from ACPI; if necessary, use "pci=nocrs" and report a bug
[    0.528394] ACPI: Enabled 2 GPEs in block 00 to 07
[    0.560232] ACPI: PCI Root Bridge [PCI0] (domain 0000 [bus 00-ff])
[    0.564042] acpi PNP0A03:00: _OSC: OS supports [ASPM ClockPM Segments MSI]
[    0.572473] acpi PNP0A03:00: _OSC: not requesting OS control; OS requires [ExtendedConfig ASPM ClockPM MSI]
[    0.576046] acpi PNP0A03:00: fail to add MMCONFIG information, can't access extended PCI configuration space under this bridge.
[    0.581522] PCI host bridge to bus 0000:00
[    0.584012] pci_bus 0000:00: root bus resource [io  0x0000-0x0cf7 window]
[    0.588017] pci_bus 0000:00: root bus resource [io  0x0d00-0xffff window]
[    0.592016] pci_bus 0000:00: root bus resource [mem 0x000a0000-0x000bffff window]
[    0.596021] pci_bus 0000:00: root bus resource [mem 0x40000000-0xfdffffff window]
[    0.600022] pci_bus 0000:00: root bus resource [bus 00-ff]
[    0.620000] pci 0000:00:01.1: legacy IDE quirk: reg 0x10: [io  0x01f0-0x01f7]
[    0.620012] pci 0000:00:01.1: legacy IDE quirk: reg 0x14: [io  0x03f6]
[    0.624013] pci 0000:00:01.1: legacy IDE quirk: reg 0x18: [io  0x0170-0x0177]
[    0.628011] pci 0000:00:01.1: legacy IDE quirk: reg 0x1c: [io  0x0376]
[    0.666067] pci 0000:00:07.0: quirk: [io  0x4000-0x403f] claimed by PIIX4 ACPI
[    0.668056] pci 0000:00:07.0: quirk: [io  0x4100-0x410f] claimed by PIIX4 SMB
[    0.706038] ACPI: PCI Interrupt Link [LNKA] (IRQs 5 9 10 *11)
[    0.709391] ACPI: PCI Interrupt Link [LNKB] (IRQs 5 9 *10 11)
[    0.716792] ACPI: PCI Interrupt Link [LNKC] (IRQs 5 *9 10 11)
[    0.724569] ACPI: PCI Interrupt Link [LNKD] (IRQs 5 9 10 *11)
[    0.729873] SCSI subsystem initialized
[    0.736434] pci 0000:00:02.0: vgaarb: setting as boot VGA device
[    0.740000] pci 0000:00:02.0: vgaarb: VGA device added: decodes=io+mem,owns=io+mem,locks=none
[    0.740014] pci 0000:00:02.0: vgaarb: bridge control possible
[    0.744006] vgaarb: loaded
[    0.748217] ACPI: bus type USB registered
[    0.752071] usbcore: registered new interface driver usbfs
[    0.756126] usbcore: registered new interface driver hub
[    0.760051] usbcore: registered new device driver usb
[    0.768607] EDAC MC: Ver: 3.0.0
[    0.777416] PCI: Using ACPI for IRQ routing
[    0.784852] NetLabel: Initializing
[    0.788009] NetLabel:  domain hash size = 128
[    0.792013] NetLabel:  protocols = UNLABELED CIPSOv4 CALIPSO
[    0.796054] NetLabel:  unlabeled traffic allowed by default
[    0.804840] clocksource: Switched to clocksource kvm-clock
[    0.824334] VFS: Disk quotas dquot_6.6.0
[    0.824334] VFS: Dquot-cache hash table entries: 512 (order 0, 4096 bytes)
[    0.824334] AppArmor: AppArmor Filesystem Enabled
[    0.824334] pnp: PnP ACPI init
[    0.824334] pnp: PnP ACPI: found 3 devices
[    1.048739] clocksource: acpi_pm: mask: 0xffffff max_cycles: 0xffffff, max_idle_ns: 2085701024 ns
[    1.052568] NET: Registered protocol family 2
[    1.052568] IP idents hash table entries: 16384 (order: 5, 131072 bytes)
[    1.102391] TCP established hash table entries: 8192 (order: 4, 65536 bytes)
[    1.123030] TCP bind hash table entries: 8192 (order: 5, 131072 bytes)
[    1.140651] TCP: Hash tables configured (established 8192 bind 8192)
[    1.144169] UDP hash table entries: 512 (order: 2, 16384 bytes)
[    1.144169] UDP-Lite hash table entries: 512 (order: 2, 16384 bytes)
[    1.144169] NET: Registered protocol family 1
[    1.144169] pci 0000:00:00.0: Limiting direct PCI/PCI transfers
[    1.144169] pci 0000:00:01.0: Activating ISA DMA hang workarounds
[    1.144169] pci 0000:00:02.0: Video device with shadowed ROM at [mem 0x000c0000-0x000dffff]
[    1.144169] Unpacking initramfs...
[    1.836241] Freeing initrd memory: 19528K
[    2.201769] clocksource: tsc: mask: 0xffffffffffffffff max_cycles: 0x2b2d80e7c0e, max_idle_ns: 440795327996 ns
[    2.235613] platform rtc_cmos: registered platform RTC device (no PNP device found)
[    2.255018] Scanning for low memory corruption every 60 seconds
[    2.267972] Initialise system trusted keyrings
[    2.278112] Key type blacklist registered
[    2.287869] workingset: timestamp_bits=36 max_order=18 bucket_order=0
[    2.309163] zbud: loaded
[    2.322589] squashfs: version 4.0 (2009/01/31) Phillip Lougher
[    2.335959] fuse init (API version 7.26)
[    2.405189] Key type asymmetric registered
[    2.418383] Asymmetric key parser 'x509' registered
[    2.427674] Block layer SCSI generic (bsg) driver version 0.4 loaded (major 246)
[    2.442685] io scheduler noop registered
[    2.449967] io scheduler deadline registered
[    2.459856] io scheduler cfq registered (default)
[    2.473121] ACPI: AC Adapter [AC] (off-line)
[    2.485226] input: Power Button as /devices/LNXSYSTM:00/LNXPWRBN:00/input/input0
[    2.505572] ACPI: Power Button [PWRF]
[    2.517241] input: Sleep Button as /devices/LNXSYSTM:00/LNXSLPBN:00/input/input1
[    2.529893] ACPI: Sleep Button [SLPF]
[    2.540770] Serial: 8250/16550 driver, 32 ports, IRQ sharing enabled
[    2.548362] ACPI: Battery Slot [BAT0] (battery present)
[    2.583587] 00:02: ttyS0 at I/O 0x3f8 (irq = 4, base_baud = 115200) is a 16550A
[    2.586128] Linux agpgart interface v0.103
[    2.608193] loop: module loaded
[    2.615587] scsi host0: ata_piix
[    2.620787] scsi host1: ata_piix
[    2.624500] ata1: PATA max UDMA/33 cmd 0x1f0 ctl 0x3f6 bmdma 0xd000 irq 14
[    2.629535] ata2: PATA max UDMA/33 cmd 0x170 ctl 0x376 bmdma 0xd008 irq 15
[    2.637397] tun: Universal TUN/TAP device driver, 1.6
[    2.644181] PPP generic driver version 2.4.2
[    2.647543] ehci_hcd: USB 2.0 'Enhanced' Host Controller (EHCI) Driver
[    2.647543] ehci-pci: EHCI PCI platform driver
[    2.647543] ehci-platform: EHCI generic platform driver
[    2.647543] ohci_hcd: USB 1.1 'Open' Host Controller (OHCI) Driver
[    2.647543] ohci-pci: OHCI PCI platform driver
[    2.647543] ohci-platform: OHCI generic platform driver
[    2.647543] uhci_hcd: USB Universal Host Controller Interface driver
[    2.647543] i8042: PNP: PS/2 Controller [PNP0303:PS2K,PNP0f03:PS2M] at 0x60,0x64 irq 1,12
[    2.647543] serio: i8042 KBD port at 0x60,0x64 irq 1
[    2.647543] serio: i8042 AUX port at 0x60,0x64 irq 12
[    2.647543] mousedev: PS/2 mouse device common for all mice
[    2.706068] input: AT Translated Set 2 keyboard as /devices/platform/i8042/serio0/input/input2
[    2.713797] rtc_cmos rtc_cmos: rtc core: registered rtc_cmos as rtc0
[    2.719814] rtc_cmos rtc_cmos: alarms up to one day, 114 bytes nvram
[    2.724894] i2c /dev entries driver
[    2.728357] device-mapper: uevent: version 1.0.3
[    2.732928] device-mapper: ioctl: 4.37.0-ioctl (2017-09-20) initialised: dm-devel@redhat.com
[    2.741035] ledtrig-cpu: registered to indicate activity on CPUs
[    2.750103] NET: Registered protocol family 10
[    2.766964] Segment Routing with IPv6
[    2.771530] NET: Registered protocol family 17
[    2.776282] Key type dns_resolver registered
[    2.780377] mce: Using 0 MCE banks
[    2.783563] RAS: Correctable Errors collector initialized.
[    2.788798] sched_clock: Marking stable (2788622653, 0)->(4702755082, -1914132429)
[    2.798104] registered taskstats version 1
[    2.802661] Loading compiled-in X.509 certificates
[    2.855211] Loaded X.509 cert 'Build time autogenerated kernel key: b5b26778eaa3ab3a4a6cee031137706e947d12ad'
[    2.863689] Loaded X.509 cert 'Canonical Ltd. Live Patch Signing: 14df34d1a87cf37625abec039ef2bf521249b969'
[    2.873259] Loaded X.509 cert 'Canonical Ltd. Kernel Module Signing: 88f752e560a1e0737e31163a466ad7b70a850c19'
[    2.880097] blacklist: Loading compiled-in revocation X.509 certificates
[    2.885981] Loaded X.509 cert 'Canonical Ltd. Secure Boot Signing: 61482aa2830d0ab2ad5af10b7250da9033ddcef0'
[    2.893254] Loaded X.509 cert 'Canonical Ltd. Secure Boot Signing (2017): 242ade75ac4a15e50d50c84b0d45ff3eae707a03'
[    2.903763] Loaded X.509 cert 'Canonical Ltd. Secure Boot Signing (ESM 2018): 365188c1d374d6b07c3c8f240f8ef722433d6a8b'
[    2.911643] Loaded X.509 cert 'Canonical Ltd. Secure Boot Signing (2019): c0746fd6c5da3ae827864651ad66ae47fe24b3e8'
[    2.920143] Loaded X.509 cert 'Canonical Ltd. Secure Boot Signing (2021 v1): a8d54bbb3825cfb94fa13c9f8a594a195c107b8d'
[    2.934285] Loaded X.509 cert 'Canonical Ltd. Secure Boot Signing (2021 v2): 4cf046892d6fd3c9a5b03f98d845f90851dc6a8c'
[    2.945849] Loaded X.509 cert 'Canonical Ltd. Secure Boot Signing (2021 v3): 100437bb6de6e469b581e61cd66bce3ef4ed53af'
[    2.955665] Loaded X.509 cert 'Canonical Ltd. Secure Boot Signing (Ubuntu Core 2019): c1d57b8f6b743f23ee41f4f7ee292f06eecadfb9'
[    2.964622] zswap: loaded using pool lzo/zbud
[    2.982394] Key type big_key registered
[    2.986888] Key type trusted registered
[    2.996641] Key type encrypted registered
[    3.000425] AppArmor: AppArmor sha1 policy hashing enabled
[    3.005540] ima: No TPM chip found, activating TPM-bypass! (rc=-19)
[    3.010650] ima: Allocated hash algorithm: sha1
[    3.015652] evm: HMAC attrs: 0x1
[    3.020176]   Magic number: 8:442:497
[    3.025099] rtc_cmos rtc_cmos: setting system clock to 2024-09-05 20:28:36 UTC (1725568116)
[    3.033294] BIOS EDD facility v0.16 2004-Jun-25, 0 devices found
[    3.039051] EDD information not available.
[    3.047066] Freeing unused kernel image memory: 2480K
[    3.076562] Write protecting the kernel read-only data: 20480k
[    3.093079] Freeing unused kernel image memory: 2008K
[    3.102305] Freeing unused kernel image memory: 1820K
[    3.129758] x86/mm: Checked W+X mappings: passed, no W+X pages found.
Loading, please wait...
starting version 237
[    3.417914] e1000: Intel(R) PRO/1000 Network Driver - version 7.3.21-k8-NAPI
[    3.430027] e1000: Copyright (c) 1999-2006 Intel Corporation.
[    3.479473] Fusion MPT base driver 3.04.20
[    3.492749] Copyright (c) 1999-2008 LSI Corporation
[    3.534247] SSE version of gcm_enc/dec engaged.
[    3.570686] Fusion MPT SPI Host driver 3.04.20
[    3.753176] input: ImExPS/2 Generic Explorer Mouse as /devices/platform/i8042/serio1/input/input4
[    4.930076] e1000 0000:00:03.0 eth0: (PCI:33MHz:32-bit) 02:3b:7b:b7:3b:2d
[    4.945272] e1000 0000:00:03.0 eth0: Intel(R) PRO/1000 Network Connection
[    6.322725] e1000 0000:00:08.0 eth1: (PCI:33MHz:32-bit) 08:00:27:15:af:73
[    6.336532] e1000 0000:00:08.0 eth1: Intel(R) PRO/1000 Network Connection
[    6.354442] e1000 0000:00:03.0 enp0s3: renamed from eth0
[    6.362672] mptbase: ioc0: Initiating bringup
[   51.949454] e1000 0000:00:08.0 enp0s8: renamed from eth1
[   52.042925] ioc0: LSI53C1030 A0: Capabilities={Initiator}
[   52.408555] scsi host2: ioc0: LSI53C1030 A0, FwRev=00000000h, Ports=1, MaxQ=256, IRQ=20
[   52.670184] scsi 2:0:0:0: Direct-Access     VBOX     HARDDISK         1.0  PQ: 0 ANSI: 5
[   52.705186] scsi target2:0:0: Beginning Domain Validation
[   52.731381] scsi target2:0:0: Domain Validation skipping write tests
[   52.741060] scsi target2:0:0: Ending Domain Validation
[   52.747526] scsi target2:0:0: asynchronous
[   52.764741] scsi 2:0:1:0: Direct-Access     VBOX     HARDDISK         1.0  PQ: 0 ANSI: 5
[   52.816432] scsi target2:0:1: Beginning Domain Validation
[   52.847539] scsi target2:0:1: Domain Validation skipping write tests
[   52.862898] scsi target2:0:1: Ending Domain Validation
[   52.876863] scsi target2:0:1: asynchronous
[   52.931991] sd 2:0:0:0: Attached scsi generic sg0 type 0
[   52.941283] sd 2:0:0:0: [sda] 83886080 512-byte logical blocks: (42.9 GB/40.0 GiB)
[   52.941563] sd 2:0:1:0: Attached scsi generic sg1 type 0
[   52.964535] sd 2:0:0:0: [sda] Write Protect is off
[   52.976339] sd 2:0:1:0: [sdb] 20480 512-byte logical blocks: (10.5 MB/10.0 MiB)
[   52.977530] sd 2:0:0:0: [sda] Incomplete mode parameter data
[   52.999118] sd 2:0:1:0: [sdb] Write Protect is off
[   53.006729] sd 2:0:0:0: [sda] Assuming drive cache: write through
[   53.018464]  sda: sda1
[   53.039238] sd 2:0:0:0: [sda] Attached SCSI disk
[   53.046678] sd 2:0:1:0: [sdb] Incomplete mode parameter data
[   53.058979] sd 2:0:1:0: [sdb] Assuming drive cache: write through
[   53.100026] sd 2:0:1:0: [sdb] Attached SCSI disk
Begin: Loading essential drivers ... [   56.980857] raid6: sse2x1   gen()  5589 MB/s
[   57.054582] raid6: sse2x1   xor()  2453 MB/s
[   57.116698] raid6: sse2x2   gen()  5750 MB/s
[   57.180309] raid6: sse2x2   xor()  3190 MB/s
[   57.252230] raid6: sse2x4   gen()  6583 MB/s
[   57.955764] raid6: sse2x4   xor() 58812 MB/s
[   57.969002] raid6: using algorithm sse2x4 gen() 6583 MB/s
[   57.987246] raid6: .... xor() 58812 MB/s, rmw enabled
[   58.003392] raid6: using ssse3x2 recovery algorithm
[   58.022970] xor: measuring software checksum speed
[   58.072432]    prefetch64-sse: 12575.000 MB/sec
[   58.128970]    generic_sse:  8159.000 MB/sec
[   58.139953] xor: using function: prefetch64-sse (12575.000 MB/sec)
[   58.161719] async_tx: api initialized (async)
done.
Begin: Running /scripts/init-premount ... done.
Begin: Mounting root file system ... Begin: Running /scripts/local-top ... done.
Begin: Running /scripts/local-premount ... [   58.369833] Btrfs loaded, crc32c=crc32c-intel
Scanning for Btrfs filesystems
done.
Warning: fsck not present, so skipping root file system
[   58.521846] EXT4-fs (sda1): mounted filesystem with ordered data mode. Opts: (null)
done.
Begin: Running /scripts/local-bottom ... done.
Begin: Running /scripts/init-bottom ... done.
[   59.017816] ip_tables: (C) 2000-2006 Netfilter Core Team
[   59.062958] systemd[1]: systemd 237 running in system mode. (+PAM +AUDIT +SELINUX +IMA +APPARMOR +SMACK +SYSVINIT +UTMP +LIBCRYPTSETUP +GCRYPT +GNUTLS +ACL +XZ +LZ4 +SECCOMP +BLKID +ELFUTILS +KMOD -IDN2 +IDN -PCRE2 default-hierarchy=hybrid)
[   59.109241] systemd[1]: Detected virtualization oracle.
[   59.118301] systemd[1]: Detected architecture x86-64.

Welcome to [1mUbuntu 18.04.6 LTS[0m!

[   59.229614] systemd[1]: Set hostname to <ubuntu>.
[   59.252435] systemd[1]: Initializing machine ID from random generator.
[   59.264741] systemd[1]: Installed transient /etc/machine-id file.
[   59.949098] systemd[1]: Reached target Mounting snaps.
[[0;32m  OK  [0m] Reached target Mounting snaps.
[   59.965308] systemd[1]: Set up automount Arbitrary Executable File Formats File System Automount Point.
[[0;32m  OK  [0m] Set up automount Arbitrary Executab…rmats File System Automount Point.
[   60.030801] systemd[1]: Created slice User and Session Slice.
[[0;32m  OK  [0m] Created slice User and Session Slice.
[   60.046364] systemd[1]: Reached target Mounted snaps.
[[0;32m  OK  [0m] Reached target Mounted snaps.
[[0;32m  OK  [0m] Reached target User and Group Name Lookups.
[[0;32m  OK  [0m] Created slice System Slice.
[[0;32m  OK  [0m] Listening on LVM2 poll daemon socket.
[[0;32m  OK  [0m] Listening on Journal Socket (/dev/log).
[[0;32m  OK  [0m] Listening on udev Control Socket.
[[0;32m  OK  [0m] Created slice system-serial\x2dgetty.slice.
[[0;32m  OK  [0m] Listening on Journal Socket.
         Mounting Kernel Debug File System...
[[0;32m  OK  [0m] Listening on udev Kernel Socket.
         Mounting POSIX Message Queue File System...
[[0;32m  OK  [0m] Listening on Syslog Socket.
[[0;32m  OK  [0m] Listening on Device-mapper event daemon FIFOs.
         Starting Uncomplicated firewall...
[[0;32m  OK  [0m] Reached target Swap.
[[0;32m  OK  [0m] Listening on /dev/initctl Compatibility Named Pipe.
[[0;32m  OK  [0m] Listening on LVM2 metadata daemon socket.
[[0;32m  OK  [0m] Reached target System Time Synchronized.
         Starting Monitoring of LVM2 mirrors…ng dmeventd or progress polling...
[[0;32m  OK  [0m] Listening on Journal Audit Socket.
         Starting Journal Service...
         Starting Set the console keyboard layout...
[[0;32m  OK  [0m] Listening on Network Service Netlink Socket.
[[0;32m  OK  [0m] Listening on fsck to fsckd communication Socket.
         Starting File System Check on Root Device...
         Starting Load Kernel Modules...
[   60.358922] Loading iSCSI transport class v2.0-870.
[[0;32m  OK  [0m] Started Forward Password Requests to Wall Directory Watch.
[[0;32m  OK  [0m] Reached target Slices.
         Mounting Huge Pages File System...
         Starting udev Coldplug all Devices...
         Starting Create list of required st…ce nodes for the current kernel...
[[0;32m  OK  [0m] Started Journal Service.
[[0;32m  OK  [0m] Mounted Kernel Debug File System.
[[0;32m  OK  [0m] Mounted POSIX Message Queue File System.
[[0;32m  OK  [0m] Started Uncomplicated firewall.
[[0;32m  OK  [0m] Started File System Check on Root Device.
[[0;32m  OK  [0m] Mounted Huge Pages File System.
[[0;32m  OK  [0m] Started File System Check Daemon to report status.
[[0;32m  OK  [0m] Started LVM2 metadata daemon.
         Starting Remount Root and Kernel File Systems...
[[0;32m  OK  [0m] Started Create list of required sta…vice nodes for the current kernel.
         Starting Create Static Device Nodes in /dev...
[   60.547323] iscsi: registered transport (tcp)
[[0;32m  OK  [0m] Started udev Coldplug all Devices.
[   60.638238] EXT4-fs (sda1): re-mounted. Opts: (null)
[[0;32m  OK  [0m] Started Remount Root and Kernel File Systems.
         Starting Flush Journal to Persistent Storage...
         Starting Load/Save Random Seed...
[[0;32m  OK  [0m] Started Monitoring of LVM2 mirrors,…sing dmeventd or progress polling.
[   60.778650] systemd-journald[403]: Received request to flush runtime journal from PID 1
[[0;32m  OK  [0m] Started Create Static Device Nodes in /dev.
[[0;32m  OK  [0m] Started Load/Save Random Seed.
         Starting udev Kernel Device Manager...
[   60.937023] iscsi: registered transport (iser)
[[0;32m  OK  [0m] Started Load Kernel Modules.
         Starting Apply Kernel Variables...
         Mounting FUSE Control File System...
         Mounting Kernel Configuration File System...
[[0;32m  OK  [0m] Started Flush Journal to Persistent Storage.
[[0;32m  OK  [0m] Mounted FUSE Control File System.
[[0;32m  OK  [0m] Mounted Kernel Configuration File System.
[[0;32m  OK  [0m] Started udev Kernel Device Manager.
[[0;32m  OK  [0m] Started Apply Kernel Variables.
[[0;32m  OK  [0m] Found device /dev/ttyS0.
[[0;32m  OK  [0m] Listening on Load/Save RF Kill Switch Status /dev/rfkill Watch.
[[0;32m  OK  [0m] Started Set the console keyboard layout.
[[0;32m  OK  [0m] Started Dispatch Password Requests to Console Directory Watch.
[[0;32m  OK  [0m] Reached target Local Encrypted Volumes.
[[0;32m  OK  [0m] Reached target Local File Systems (Pre).
[[0;32m  OK  [0m] Reached target Local File Systems.
         Starting Set console font and keymap...
         Starting ebtables ruleset management...
         Starting Tell Plymouth To Write Out Runtime Data...
         Starting Commit a transient machine-id on disk...
         Starting Create Volatile Files and Directories...
         Starting AppArmor initialization...
[[0;32m  OK  [0m] Started Tell Plymouth To Write Out Runtime Data.
[[0;32m  OK  [0m] Started Create Volatile Files and Directories.
         Starting Update UTMP about System Boot/Shutdown...
[[0;32m  OK  [0m] Started Commit a transient machine-id on disk.
[[0;32m  OK  [0m] Started Update UTMP about System Boot/Shutdown.
[[0;32m  OK  [0m] Started ebtables ruleset management.
         Mounting Arbitrary Executable File Formats File System...
[[0;32m  OK  [0m] Mounted Arbitrary Executable File Formats File System.
[[0;32m  OK  [0m] Started AppArmor initialization.
         Starting Initial cloud-init job (pre-networking)...
         Starting Load AppArmor profiles managed internally by snapd...
[[0;32m  OK  [0m] Started Load AppArmor profiles managed internally by snapd.
[[0;32m  OK  [0m] Started Set console font and keymap.
[   69.925503] cloud-init[761]: Cloud-init v. 23.1.2-0ubuntu0~18.04.1 running 'init-local' at Thu, 05 Sep 2024 20:29:42 +0000. Up 68.87 seconds.
[[0;32m  OK  [0m] Started Initial cloud-init job (pre-networking).
[[0;32m  OK  [0m] Reached target Network (Pre).
         Starting Network Service...
[[0;32m  OK  [0m] Started Network Service.
         Starting Wait for Network to be Configured...
         Starting Network Name Resolution...
[[0;32m  OK  [0m] Started Network Name Resolution.
[[0;32m  OK  [0m] Reached target Host and Network Name Lookups.
[[0;32m  OK  [0m] Reached target Network.
[[0;32m  OK  [0m] Started Wait for Network to be Configured.
         Starting Initial cloud-init job (metadata service crawler)...
[   73.855229] cloud-init[919]: Cloud-init v. 23.1.2-0ubuntu0~18.04.1 running 'init' at Thu, 05 Sep 2024 20:29:46 +0000. Up 73.51 seconds.
[   73.865743] cloud-init[919]: ci-info: ++++++++++++++++++++++++++++++++++++++Net device info+++++++++++++++++++++++++++++++++++++++
[   73.882798] cloud-init[919]: ci-info: +--------+-------+----------------------------+---------------+--------+-------------------+
[   73.896969] cloud-init[919]: ci-info: | Device |   Up  |          Address           |      Mask     | Scope  |     Hw-Address    |
[   73.909927] cloud-init[919]: ci-info: +--------+-------+----------------------------+---------------+--------+-------------------+
[   73.918177] cloud-init[919]: ci-info: | enp0s3 |  True |         10.0.2.15          | 255.255.255.0 | global | 02:3b:7b:b7:3b:2d |
[   73.928667] cloud-init[919]: ci-info: | enp0s3 |  True | fe80::3b:7bff:feb7:3b2d/64 |       .       |  link  | 02:3b:7b:b7:3b:2d |
[   73.939822] cloud-init[919]: ci-info: | enp0s8 | False |             .              |       .       |   .    | 08:00:27:15:af:73 |
[   73.954929] cloud-init[919]: ci-info: |   lo   |  True |         127.0.0.1          |   255.0.0.0   |  host  |         .         |
[   73.968360] cloud-init[919]: ci-info: |   lo   |  True |          ::1/128           |       .       |  host  |         .         |
[   73.980761] cloud-init[919]: ci-info: +--------+-------+----------------------------+---------------+--------+-------------------+
[   73.991566] cloud-init[919]: ci-info: ++++++++++++++++++++++++++++Route IPv4 info+++++++++++++++++++++++++++++
[   74.003111] cloud-init[919]: ci-info: +-------+-------------+----------+-----------------+-----------+-------+
[   74.014114] cloud-init[919]: ci-info: | Route | Destination | Gateway  |     Genmask     | Interface | Flags |
[   74.026097] cloud-init[919]: ci-info: +-------+-------------+----------+-----------------+-----------+-------+
[   74.038679] cloud-init[919]: ci-info: |   0   |   0.0.0.0   | 10.0.2.2 |     0.0.0.0     |   enp0s3  |   UG  |
[   74.046887] cloud-init[919]: ci-info: |   1   |   10.0.2.0  | 0.0.0.0  |  255.255.255.0  |   enp0s3  |   U   |
[   74.051174] cloud-init[919]: ci-info: |   2   |   10.0.2.2  | 0.0.0.0  | 255.255.255.255 |   enp0s3  |   UH  |
[   74.060983] cloud-init[919]: ci-info: +-------+-------------+----------+-----------------+-----------+-------+
[   74.071322] cloud-init[919]: ci-info: +++++++++++++++++++Route IPv6 info+++++++++++++++++++
[   74.080298] cloud-init[919]: ci-info: +-------+-------------+---------+-----------+-------+
[   74.087053] cloud-init[919]: ci-info: | Route | Destination | Gateway | Interface | Flags |
[   74.093605] cloud-init[919]: ci-info: +-------+-------------+---------+-----------+-------+
[   74.101222] cloud-init[919]: ci-info: |   1   |  fe80::/64  |    ::   |   enp0s3  |   U   |
[   74.108235] cloud-init[919]: ci-info: |   3   |    local    |    ::   |   enp0s3  |   U   |
[   74.116018] cloud-init[919]: ci-info: |   4   |   ff00::/8  |    ::   |   enp0s3  |   U   |
[   74.123928] cloud-init[919]: ci-info: +-------+-------------+---------+-----------+-------+
[   76.527099] cloud-init[919]: Generating public/private rsa key pair.
[   76.531860] cloud-init[919]: Your identification has been saved in /etc/ssh/ssh_host_rsa_key.
[   76.538877] cloud-init[919]: Your public key has been saved in /etc/ssh/ssh_host_rsa_key.pub.
[   76.545186] cloud-init[919]: The key fingerprint is:
[   76.555510] cloud-init[919]: SHA256:uuIQuEKklqh2MDI+89hxYNRGDHjvPFClI/7N5xSpTmY root@ubuntu-bionic
[   76.563010] cloud-init[919]: The key's randomart image is:
[   76.569308] cloud-init[919]: +---[RSA 2048]----+
[   76.573995] cloud-init[919]: |  ..o...         |
[   76.585140] cloud-init[919]: | . .oo.          |
[   76.595255] cloud-init[919]: | ..oo=           |
[   76.606810] cloud-init[919]: |+.+.o..   .      |
[   76.622088] cloud-init[919]: |**.++   So       |
[   76.635864] cloud-init[[0;32m  OK  [0m] Started Initial cloud-init job (metadata service crawler).
[[0;32m  OK  [0m] Reached target Cloud-config availability.
[[0;32m  OK  [0m] Reached target System Initialization.
[[0;32m  OK  [0m] Started Daily Cleanup of Temporary Directories.
[[0;32m  OK  [0m] Started Ubuntu Advantage Timer for running repeated jobs.
[[0;32m  OK  [0m] Listening on Open-iSCSI iscsid Socket.
         Starting Socket activation for snappy daemon.
[[0;32m  OK  [0m] Listening on D-Bus System Message Bus Socket.
[919]: |*o+.o+o.. .      |
         Starting LXD - unix socket.
[[0;32m  OK  [0m] Started Message of the Day.
[[0;32m  OK  [0m] Listening on ACPID Listen Socket.
[[0;32m  OK  [0m] Started Daily apt download activities.
[[0;32m  OK  [0m] Started Daily apt upgrade and clean activities.
[[0;32m  OK  [0m] Listening on cloud-init hotplug hook socket.
[[0;32m  OK  [0m] Listening on UUID daemon activation socket.
[[0;32m  OK  [0m] Started Discard unused blocks once a week.
[   76.694666] cloud-init[919]: |+=.o ooE o       |
[   76.749895] cloud-init[919]: |o B.+ =.+        |
[[   76.752625] cloud-init[919]: | . +.... .       |
[   76.753573] cloud-init[919]: +----[SHA256]-----+
[   76.753612] cloud-init[919]: Generating public/private dsa key pair.
[   76.753645] cloud-init[919]: Your identification has been saved in /etc/ssh/ssh_host_dsa_key.
[   76.754193] cloud-init[919]: Your public key has been saved in /etc/ssh/ssh_host_dsa_key.pub.
[   76.754577] cloud-init[919]: The key fingerprint is:
[   76.755005] cloud-init[919]: SHA256:AMzT+YdlC49Vc7s23n+2ig2UngCUg3PwlqQG13p4zso root@ubuntu-bionic
[   76.755397] cloud-init[919]: The key's randomart image is:
[   76.755736] cloud-init[919]: +---[DSA 1024]----+
[   76.756087] cloud-init[919]: |   +.+++.  .o .  |
[   76.756836] cloud-init[919]: |    *+B=o +  o . |
[   76.757198] cloud-init[919]: |     +**.O .  .  |
[   76.757998] cloud-init[919]: |    .o.+= + .  . |
[   76.758476] cloud-init[919]: |      = So o  +  |
[   76.758828] cloud-init[919]: |       o  + .o o |
[   76.759186] cloud-init[919]: |    . .    +  . .|
[   76.759533] cloud-init[919]: |     E      +   +|
[   76.759902] cloud-init[919]: |           . o.o+|
[   76.760933] cloud-init[919]: +----[SHA256]-----+
[   76.762799] cloud-init[919]: Generating public/private ecdsa key pair.
[   76.763319] cloud-init[919]: Your identification has been saved in /etc/ssh/ssh_host_ecdsa_key.
[   76.765313] cloud-init[919]: Your public key has been saved in /etc/ssh/ssh_host_ecdsa_key.pub.
[   76.765414] cloud-init[919]: The key fingerprint is:
[   76.765451] cloud-init[919]: SHA256:lmYBVH5lfZMy/ZjURvIYIa9nVTKSW11KclkxBZ9XIwE root@ubuntu-bionic
[   76.765473] cloud-init[919]: The key's randomart image is:
[   76.765500] cloud-init[919]: +---[ECDSA 256]---+
[   76.765559] cloud-init[919]: |     .o..  EB=%%%|
[   76.765609] cloud-init[919]: |       o   o.X*&@|
[   76.765671] cloud-init[919]: |        o .  +**B|
[   76.767410] cloud-init[919]: |         +  ..o.o|
[   76.770374] cloud-init[919]: |        S   . o  |
[   76.770455] cloud-init[919]: |       +     o   |
[   76.770531] cloud-init[919]: |                 |
[   76.770578] cloud-init[919]: |                 |
[   76.770616] cloud-init[919]: |                 |
[   76.770665] cloud-init[919]: +----[SHA256]-----+
[   76.770740] cloud-init[919]: Generating public/private ed25519 key pair.
[   76.770799] cloud-init[919]: Your identification has been saved in /etc/ssh/ssh_host_ed25519_key.
[   76.770870] cloud-init[919]: Your public key has been saved in /etc/ssh/ssh_host_ed25519_key.pub.
[   76.770926] cloud-init[919]: The key fingerprint is:
[   76.770950] cloud-init[919]: SHA256:jjH84RdU1Qd9Ojx7q/6RCdaIz9qG4Sd9q98N73aP3Ws root@ubuntu-bionic
[   76.770977] cloud-init[919]: The key's randomart image is:
[   76.771001] cloud-init[919]: +--[ED25519 256]--+
[   76.771023] cloud-init[919]: |            ..o+ |
[   76.771049] cloud-init[919]: |           .    =|
[   76.771102] cloud-init[919]: |          .  . .o|
[   76.773969] cloud-init[919]: |     .   .  . B  |
[   76.775336] cloud-init[919]: |      + S .. + = |
[   76.779683] cloud-init[919]: |       B . o+ o +|
[   76.782514] cloud-init[919]: |      . + o +o.=.|
[   76.784024] cloud-init[919]: |         . +o+ EB|
[   76.787504] cloud-init[919]: |           .==OB&|
[   76.790083] cloud-init[919]: +----[SHA256]-----+
[0;32m  OK  [0m] Reached target Timers.
[[0;32m  OK  [0m] Started ACPI Events Check.
[[0;32m  OK  [0m] Reached target Paths.
[[0;32m  OK  [0m] Reached target Network is Online.
         Starting Availability of block devices...
[[0;32m  OK  [0m] Reached target Remote File Systems (Pre).
[[0;32m  OK  [0m] Reached target Remote File Systems.
[[0;32m  OK  [0m] Listening on Socket activation for snappy daemon.
[[0;32m  OK  [0m] Listening on LXD - unix socket.
[[0;32m  OK  [0m] Started Availability of block devices.
[[0;32m  OK  [0m] Reached target Sockets.
[[0;32m  OK  [0m] Reached target Basic System.
         Starting LSB: Record successful boot for GRUB...
         Starting LSB: automatic crash report generation...
         Starting Login Service...
[[0;32m  OK  [0m] Started Deferred execution scheduler.
         Starting Pollinate to seed the pseudo random number generator...
         Starting LXD - container startup/shutdown...
[[0;32m  OK  [0m] Started Regular background program processing daemon.
[[0;32m  OK  [0m] Started FUSE filesystem for LXC.
         Starting Virtualbox guest utils...
         Starting System Logging Service...
         Starting Accounts Service...
[[0;32m  OK  [0m] Started irqbalance daemon.
         Starting Dispatcher daemon for systemd-networkd...
[[0;32m  OK  [0m] Reached target Login Prompts (Pre).
         Starting Snap Daemon...
         Starting Permit User Sessions...
[[0;32m  OK  [0m] Started D-Bus System Message Bus.
[[0;32m  OK  [0m] Started Login Service.
[[0;32m  OK  [0m] Started Unattended Upgrades Shutdown.
[[0;32m  OK  [0m] Started System Logging Service.
[[0;32m  OK  [0m] Started LXD - container startup/shutdown.
[[0;32m  OK  [0m] Started Permit User Sessions.
         Starting Terminate Plymouth Boot Screen...
         Starting Hold until boot process finishes up...
[[0;32m  OK  [0m] Started Hold until boot process finishes up.
         Starting Set console scheme...
[[0;32m  OK  [0m] Started Serial Getty on ttyS0.
[[0;32m  OK  [0m] Started Terminate Plymouth Boot Screen.
[[0;32m  OK  [0m] Started Set console scheme.
[[0;32m  OK  [0m] Created slice system-getty.slice.
[[0;32m  OK  [0m] Started Getty on tty1.
[[0;32m  OK  [0m] Reached target Login Prompts.
[[0;32m  OK  [0m] Started LSB: automatic crash report generation.
[[0;32m  OK  [0m] Started LSB: Record successful boot for GRUB.
         Starting Authorization Manager...
[[0;32m  OK  [0m] Started Dispatcher daemon for systemd-networkd.
[[0;32m  OK  [0m] Started Authorization Manager.
[[0;32m  OK  [0m] Started Accounts Service.
[[0;32m  OK  [0m] Started Virtualbox guest utils.
[[0;32m  OK  [0m] Started Snap Daemon.
         Starting Wait until snapd is fully seeded...
         Starting Time & Date Service...
[[0;32m  OK  [0m] Started Time & Date Service.
[[0;32m  OK  [0m] Started Wait until snapd is fully seeded.
         Starting Apply the settings specified in cloud-config...
[[0;32m  OK  [0m] Started Pollinate to seed the pseudo random number generator.
         Starting OpenBSD Secure Shell server...
[[0;32m  OK  [0m] Started OpenBSD Secure Shell server.
[[0;32m  OK  [0m] Created slice User Slice of vagrant.
         Starting User Manager for UID 1000...
[[0;32m  OK  [0m] Started Session 1 of user vagrant.
[[0;32m  OK  [0m] Started User Manager for UID 1000.
[   84.452882] cloud-init[1357]: Cloud-init v. 23.1.2-0ubuntu0~18.04.1 running 'modules:config' at Thu, 05 Sep 2024 20:29:56 +0000. Up 82.79 seconds.

Ubuntu 18.04.6 LTS ubuntu-bionic ttyS0

ubuntu-bionic login: ci-info: no authorized SSH keys fingerprints found for user ubuntu.
<14>Sep  5 20:30:00 cloud-init: #############################################################
<14>Sep  5 20:30:00 cloud-init: -----BEGIN SSH HOST KEY FINGERPRINTS-----
<14>Sep  5 20:30:00 cloud-init: 1024 SHA256:AMzT+YdlC49Vc7s23n+2ig2UngCUg3PwlqQG13p4zso root@ubuntu-bionic (DSA)
<14>Sep  5 20:30:00 cloud-init: 256 SHA256:lmYBVH5lfZMy/ZjURvIYIa9nVTKSW11KclkxBZ9XIwE root@ubuntu-bionic (ECDSA)
<14>Sep  5 20:30:00 cloud-init: 256 SHA256:jjH84RdU1Qd9Ojx7q/6RCdaIz9qG4Sd9q98N73aP3Ws root@ubuntu-bionic (ED25519)
<14>Sep  5 20:30:00 cloud-init: 2048 SHA256:uuIQuEKklqh2MDI+89hxYNRGDHjvPFClI/7N5xSpTmY root@ubuntu-bionic (RSA)
<14>Sep  5 20:30:00 cloud-init: -----END SSH HOST KEY FINGERPRINTS-----
<14>Sep  5 20:30:00 cloud-init: #############################################################
-----BEGIN SSH HOST KEY KEYS-----
ecdsa-sha2-nistp256 AAAAE2VjZHNhLXNoYTItbmlzdHAyNTYAAAAIbmlzdHAyNTYAAABBBJlCxRy1RYEUxVAA7a65sjx91kWm3YqDmNoWzIHkd1bkRUevA4cf+HGCuIE/viO2oVHLfkorWTfE4oELFWmuZJA= root@ubuntu-bionic
ssh-ed25519 AAAAC3NzaC1lZDI1NTE5AAAAIBTzot6EojSgeJPjun39PXW2R0ZJuatdpN06q7yx+5Pu root@ubuntu-bionic
ssh-rsa AAAAB3NzaC1yc2EAAAADAQABAAABAQC5apAVAs2M9d09IrI1Pcutt5z0uF6Vuw6rQ4XY0KcNm1Bbqwkpwjefrp/NuziJ3fWDn8TZPqrWTcOM2vtnoKvVmiqKI67qxFObS7uhnqQh+ajUmgYw8zmftJBaXiB2mxNQaPuHhZD52LDWpY54+eG3uS8Hbe7a0wALEgwXlOI5pJToFeiDj+g2G+va/3M7eb18ef4tfd3Qryk6Z4Zhdb+TjBTEcGp/mY5vUhn59c00327QJXDqX3DMN4rJLwTuWqn1ufQ5l2dy6BzkYhtor4GxYsDO/HbvQrBpih98ghajQSewJfVglIIuvs0OmtSRIdntoPEnZTFyVRu1znAGxgHF root@ubuntu-bionic
-----END SSH HOST KEY KEYS-----
[   86.897202] cloud-init[1496]: Cloud-init v. 23.1.2-0ubuntu0~18.04.1 running 'modules:final' at Thu, 05 Sep 2024 20:29:59 +0000. Up 85.87 seconds.
[   86.897824] cloud-init[1496]: Cloud-init v. 23.1.2-0ubuntu0~18.04.1 finished at Thu, 05 Sep 2024 20:30:00 +0000. Datasource DataSourceNoCloud [seed=/dev/sdb][dsmode=net].  Up 86.86 seconds
